{"/Users/mdiverrez/Desktop/kasa/src/assets/arrow.png": {"path":"/Users/mdiverrez/Desktop/kasa/src/assets/arrow.png","statementMap":{},"fnMap":{},"branchMap":{},"s":{},"f":{},"b":{},"meta":{"lastBranch":0,"lastFunction":0,"lastStatement":0,"seen":{}}}
,"/Users/mdiverrez/Desktop/kasa/src/assets/imgbanner.png": {"path":"/Users/mdiverrez/Desktop/kasa/src/assets/imgbanner.png","statementMap":{},"fnMap":{},"branchMap":{},"s":{},"f":{},"b":{},"meta":{"lastBranch":0,"lastFunction":0,"lastStatement":0,"seen":{}}}
,"/Users/mdiverrez/Desktop/kasa/src/components/banner/banner.css": {"path":"/Users/mdiverrez/Desktop/kasa/src/components/banner/banner.css","statementMap":{},"fnMap":{},"branchMap":{},"s":{},"f":{},"b":{},"meta":{"lastBranch":0,"lastFunction":0,"lastStatement":0,"seen":{}}}
,"/Users/mdiverrez/Desktop/kasa/src/components/banner/index.jsx": {"path":"/Users/mdiverrez/Desktop/kasa/src/components/banner/index.jsx","statementMap":{"0":{"start":{"line":5,"column":2},"end":{"line":9,"column":null}}},"fnMap":{"0":{"name":"Banner","decl":{"start":{"line":4,"column":9},"end":{"line":4,"column":16}},"loc":{"start":{"line":4,"column":26},"end":{"line":9,"column":null}},"line":4}},"branchMap":{"0":{"loc":{"start":{"line":9,"column":3},"end":{"line":9,"column":null}},"type":"binary-expr","locations":[{"start":{"line":9,"column":3},"end":{"line":9,"column":11}},{"start":{"line":9,"column":11},"end":{"line":9,"column":null}}],"line":9}},"s":{"0":3},"f":{"0":3},"b":{"0":[3,1]},"meta":{"lastBranch":1,"lastFunction":1,"lastStatement":1,"seen":{"f:4:9:4:16":0,"s:5:2:9:Infinity":0,"b:9:3:9:11:9:11:9:Infinity":0}}}
,"/Users/mdiverrez/Desktop/kasa/src/components/collapse/collapse.css": {"path":"/Users/mdiverrez/Desktop/kasa/src/components/collapse/collapse.css","statementMap":{},"fnMap":{},"branchMap":{},"s":{},"f":{},"b":{},"meta":{"lastBranch":0,"lastFunction":0,"lastStatement":0,"seen":{}}}
,"/Users/mdiverrez/Desktop/kasa/src/components/collapse/index.jsx": {"path":"/Users/mdiverrez/Desktop/kasa/src/components/collapse/index.jsx","statementMap":{"0":{"start":{"line":6,"column":18},"end":{"line":6,"column":46}},"1":{"start":{"line":7,"column":3},"end":{"line":22,"column":null}},"2":{"start":{"line":9,"column":58},"end":{"line":9,"column":76}}},"fnMap":{"0":{"name":"Collapse","decl":{"start":{"line":5,"column":9},"end":{"line":5,"column":18}},"loc":{"start":{"line":5,"column":38},"end":{"line":22,"column":null}},"line":5},"1":{"name":"(anonymous_1)","decl":{"start":{"line":9,"column":43},"end":{"line":9,"column":58}},"loc":{"start":{"line":9,"column":58},"end":{"line":9,"column":76}},"line":9}},"branchMap":{"0":{"loc":{"start":{"line":11,"column":48},"end":{"line":11,"column":null}},"type":"cond-expr","locations":[{"start":{"line":11,"column":57},"end":{"line":11,"column":66}},{"start":{"line":11,"column":66},"end":{"line":11,"column":null}}],"line":11},"1":{"loc":{"start":{"line":15,"column":46},"end":{"line":15,"column":null}},"type":"cond-expr","locations":[{"start":{"line":15,"column":55},"end":{"line":15,"column":64}},{"start":{"line":15,"column":64},"end":{"line":15,"column":null}}],"line":15},"2":{"loc":{"start":{"line":19,"column":10},"end":{"line":22,"column":null}},"type":"binary-expr","locations":[{"start":{"line":19,"column":10},"end":{"line":19,"column":null}},{"start":{"line":20,"column":12},"end":{"line":22,"column":null}}],"line":19}},"s":{"0":6,"1":6,"2":3},"f":{"0":6,"1":3},"b":{"0":[2,4],"1":[2,4],"2":[6,2]},"meta":{"lastBranch":3,"lastFunction":2,"lastStatement":3,"seen":{"f:5:9:5:18":0,"s:6:18:6:46":0,"s:7:3:22:Infinity":1,"f:9:43:9:58":1,"s:9:58:9:76":2,"b:11:57:11:66:11:66:11:Infinity":0,"b:15:55:15:64:15:64:15:Infinity":1,"b:19:10:19:Infinity:20:12:22:Infinity":2}}}
}
